<?xml version="1.0" encoding="UTF-8"?>
<testng-results ignored="0" total="1" passed="1" failed="0" skipped="0">
  <reporter-output>
  </reporter-output>
  <suite started-at="2021-12-12T03:10:17 IST" name="Default suite" finished-at="2021-12-12T03:10:45 IST" duration-ms="28042">
    <groups>
    </groups>
    <test started-at="2021-12-12T03:10:17 IST" name="Default test" finished-at="2021-12-12T03:10:45 IST" duration-ms="28042">
      <class name="webapptest.NewTest1">
        <test-method is-config="true" signature="start()[pri:0, instance:webapptest.NewTest1@27ce24aa]" started-at="2021-12-12T03:10:17 IST" name="start" finished-at="2021-12-12T03:10:33 IST" duration-ms="16106" status="PASS">
          <reporter-output>
          </reporter-output>
        </test-method> <!-- start -->
        <test-method signature="insertcase()[pri:0, instance:webapptest.NewTest1@27ce24aa]" started-at="2021-12-12T03:10:33 IST" name="insertcase" finished-at="2021-12-12T03:10:37 IST" duration-ms="3870" status="PASS">
          <reporter-output>
          </reporter-output>
        </test-method> <!-- insertcase -->
        <test-method is-config="true" signature="close()[pri:0, instance:webapptest.NewTest1@27ce24aa]" started-at="2021-12-12T03:10:37 IST" name="close" finished-at="2021-12-12T03:10:45 IST" duration-ms="8014" status="PASS">
          <reporter-output>
          </reporter-output>
        </test-method> <!-- close -->
      </class> <!-- webapptest.NewTest1 -->
    </test> <!-- Default test -->
  </suite> <!-- Default suite -->
</testng-results>
